2026-03-08T15:41:30.383+05:30  INFO 9008 --- [I-SPICE] [restartedMain] com.company.I_SPICE.ISpiceApplication    : Starting ISpiceApplication using Java 17.0.12 with PID 9008 (D:\I-SPICE\I-SPICE\build\classes\java\main started by Sreedev in D:\I-SPICE\I-SPICE)
2026-03-08T15:41:30.391+05:30 DEBUG 9008 --- [I-SPICE] [restartedMain] com.company.I_SPICE.ISpiceApplication    : Running with Spring Boot v4.0.2, Spring v7.0.3
2026-03-08T15:41:30.393+05:30  INFO 9008 --- [I-SPICE] [restartedMain] com.company.I_SPICE.ISpiceApplication    : The following 1 profile is active: "dev"
2026-03-08T15:41:30.463+05:30  INFO 9008 --- [I-SPICE] [restartedMain] .e.DevToolsPropertyDefaultsPostProcessor : Devtools property defaults active! Set 'spring.devtools.add-properties' to 'false' to disable
2026-03-08T15:41:30.465+05:30  INFO 9008 --- [I-SPICE] [restartedMain] .e.DevToolsPropertyDefaultsPostProcessor : For additional web related logging consider setting the 'logging.level.web' property to 'DEBUG'
2026-03-08T15:41:31.709+05:30  INFO 9008 --- [I-SPICE] [restartedMain] .s.d.r.c.RepositoryConfigurationDelegate : Bootstrapping Spring Data JPA repositories in DEFAULT mode.
2026-03-08T15:41:31.828+05:30  INFO 9008 --- [I-SPICE] [restartedMain] .s.d.r.c.RepositoryConfigurationDelegate : Finished Spring Data repository scanning in 107 ms. Found 10 JPA repository interfaces.
2026-03-08T15:41:32.240+05:30  INFO 9008 --- [I-SPICE] [restartedMain] o.s.cloud.context.scope.GenericScope     : BeanFactory id=b37f3d2d-485b-38ac-a162-91b21a628b0d
2026-03-08T15:41:33.136+05:30  INFO 9008 --- [I-SPICE] [restartedMain] o.s.boot.tomcat.TomcatWebServer          : Tomcat initialized with port 8080 (http)
2026-03-08T15:41:33.183+05:30  INFO 9008 --- [I-SPICE] [restartedMain] o.apache.catalina.core.StandardService   : Starting service [Tomcat]
2026-03-08T15:41:33.184+05:30  INFO 9008 --- [I-SPICE] [restartedMain] o.apache.catalina.core.StandardEngine    : Starting Servlet engine: [Apache Tomcat/11.0.15]
2026-03-08T15:41:33.274+05:30  INFO 9008 --- [I-SPICE] [restartedMain] b.w.c.s.WebApplicationContextInitializer : Root WebApplicationContext: initialization completed in 2808 ms
2026-03-08T15:41:33.699+05:30  INFO 9008 --- [I-SPICE] [restartedMain] org.hibernate.orm.jpa                    : HHH008540: Processing PersistenceUnitInfo [name: default]
2026-03-08T15:41:33.780+05:30  INFO 9008 --- [I-SPICE] [restartedMain] org.hibernate.orm.core                   : HHH000001: Hibernate ORM core version 7.2.1.Final
2026-03-08T15:41:34.480+05:30  INFO 9008 --- [I-SPICE] [restartedMain] o.s.o.j.p.SpringPersistenceUnitInfo      : No LoadTimeWeaver setup: ignoring JPA class transformer
2026-03-08T15:41:34.501+05:30  WARN 9008 --- [I-SPICE] [restartedMain] org.hibernate.orm.deprecation            : HHH90000021: Encountered deprecated setting [hibernate.temp.use_jdbc_metadata_defaults], use [hibernate.boot.allow_jdbc_metadata_access] instead
2026-03-08T15:41:34.524+05:30  WARN 9008 --- [I-SPICE] [restartedMain] org.hibernate.orm.deprecation            : HHH90000025: PostgreSQLDialect does not need to be specified explicitly using 'hibernate.dialect' (remove the property setting and it will be selected by default)
2026-03-08T15:41:34.547+05:30  INFO 9008 --- [I-SPICE] [restartedMain] org.hibernate.orm.connections.pooling    : HHH10001005: Database info:
	Database JDBC URL [undefined/unknown]
	Database driver: undefined/unknown
	Database dialect: PostgreSQLDialect
	Database version: 13.0
	Default catalog/schema: unknown/unknown
	Autocommit mode: undefined/unknown
	Isolation level: <unknown>
	JDBC fetch size: undefined/unknown
	Pool: undefined/unknown
	Minimum pool size: undefined/unknown
	Maximum pool size: undefined/unknown
2026-03-08T15:41:36.260+05:30  INFO 9008 --- [I-SPICE] [restartedMain] org.hibernate.orm.core                   : HHH000489: No JTA platform available (set 'hibernate.transaction.jta.platform' to enable JTA platform integration)
2026-03-08T15:41:36.297+05:30  INFO 9008 --- [I-SPICE] [restartedMain] com.zaxxer.hikari.HikariDataSource       : HikariPool-1 - Starting...
2026-03-08T15:41:38.595+05:30  INFO 9008 --- [I-SPICE] [restartedMain] com.zaxxer.hikari.pool.HikariPool        : HikariPool-1 - Added connection org.postgresql.jdbc.PgConnection@303bd145
2026-03-08T15:41:38.597+05:30  INFO 9008 --- [I-SPICE] [restartedMain] com.zaxxer.hikari.HikariDataSource       : HikariPool-1 - Start completed.
2026-03-08T15:41:43.798+05:30  INFO 9008 --- [I-SPICE] [restartedMain] j.LocalContainerEntityManagerFactoryBean : Initialized JPA EntityManagerFactory for persistence unit 'default'
2026-03-08T15:41:43.980+05:30  INFO 9008 --- [I-SPICE] [restartedMain] o.s.d.j.r.query.QueryEnhancerFactories   : Hibernate is in classpath; If applicable, HQL parser will be used.
2026-03-08T15:41:49.089+05:30  INFO 9008 --- [I-SPICE] [restartedMain] o.s.b.a.e.web.EndpointLinksResolver      : Exposing 1 endpoint beneath base path '/actuator'
2026-03-08T15:41:49.249+05:30  INFO 9008 --- [I-SPICE] [restartedMain] o.s.boot.tomcat.TomcatWebServer          : Tomcat started on port 8080 (http) with context path '/'
2026-03-08T15:41:49.595+05:30  INFO 9008 --- [I-SPICE] [restartedMain] com.company.I_SPICE.ISpiceApplication    : Started ISpiceApplication in 20.473 seconds (process running for 21.976)
2026-03-08T15:42:06.209+05:30  INFO 9008 --- [I-SPICE] [http-nio-8080-exec-1] o.a.c.c.C.[Tomcat].[localhost].[/]       : Initializing Spring DispatcherServlet 'dispatcherServlet'
2026-03-08T15:42:06.210+05:30  INFO 9008 --- [I-SPICE] [http-nio-8080-exec-1] o.s.web.servlet.DispatcherServlet        : Initializing Servlet 'dispatcherServlet'
2026-03-08T15:42:06.212+05:30  INFO 9008 --- [I-SPICE] [http-nio-8080-exec-1] o.s.web.servlet.DispatcherServlet        : Completed initialization in 2 ms
2026-03-08T15:42:06.432+05:30  INFO 9008 --- [I-SPICE] [http-nio-8080-exec-2] c.c.I_SPICE.config.CsrfControllerAdvice  : Found CSRF token via '_csrf' attribute
2026-03-08T15:43:41.911+05:30  INFO 26576 --- [I-SPICE] [restartedMain] com.company.I_SPICE.ISpiceApplication    : Starting ISpiceApplication using Java 17.0.12 with PID 26576 (D:\I-SPICE\I-SPICE\build\classes\java\main started by Sreedev in D:\I-SPICE\I-SPICE)
2026-03-08T15:43:41.915+05:30 DEBUG 26576 --- [I-SPICE] [restartedMain] com.company.I_SPICE.ISpiceApplication    : Running with Spring Boot v4.0.2, Spring v7.0.3
2026-03-08T15:43:41.918+05:30  INFO 26576 --- [I-SPICE] [restartedMain] com.company.I_SPICE.ISpiceApplication    : The following 1 profile is active: "dev"
2026-03-08T15:43:42.009+05:30  INFO 26576 --- [I-SPICE] [restartedMain] .e.DevToolsPropertyDefaultsPostProcessor : Devtools property defaults active! Set 'spring.devtools.add-properties' to 'false' to disable
2026-03-08T15:43:42.010+05:30  INFO 26576 --- [I-SPICE] [restartedMain] .e.DevToolsPropertyDefaultsPostProcessor : For additional web related logging consider setting the 'logging.level.web' property to 'DEBUG'
2026-03-08T15:43:43.637+05:30  INFO 26576 --- [I-SPICE] [restartedMain] .s.d.r.c.RepositoryConfigurationDelegate : Bootstrapping Spring Data JPA repositories in DEFAULT mode.
2026-03-08T15:43:43.787+05:30  INFO 26576 --- [I-SPICE] [restartedMain] .s.d.r.c.RepositoryConfigurationDelegate : Finished Spring Data repository scanning in 129 ms. Found 10 JPA repository interfaces.
2026-03-08T15:43:44.373+05:30  INFO 26576 --- [I-SPICE] [restartedMain] o.s.cloud.context.scope.GenericScope     : BeanFactory id=b37f3d2d-485b-38ac-a162-91b21a628b0d
2026-03-08T15:43:46.113+05:30  INFO 26576 --- [I-SPICE] [restartedMain] o.s.boot.tomcat.TomcatWebServer          : Tomcat initialized with port 8080 (http)
2026-03-08T15:43:46.155+05:30  INFO 26576 --- [I-SPICE] [restartedMain] o.apache.catalina.core.StandardService   : Starting service [Tomcat]
2026-03-08T15:43:46.158+05:30  INFO 26576 --- [I-SPICE] [restartedMain] o.apache.catalina.core.StandardEngine    : Starting Servlet engine: [Apache Tomcat/11.0.15]
2026-03-08T15:43:46.303+05:30  INFO 26576 --- [I-SPICE] [restartedMain] b.w.c.s.WebApplicationContextInitializer : Root WebApplicationContext: initialization completed in 4291 ms
2026-03-08T15:43:46.896+05:30  INFO 26576 --- [I-SPICE] [restartedMain] org.hibernate.orm.jpa                    : HHH008540: Processing PersistenceUnitInfo [name: default]
2026-03-08T15:43:47.042+05:30  INFO 26576 --- [I-SPICE] [restartedMain] org.hibernate.orm.core                   : HHH000001: Hibernate ORM core version 7.2.1.Final
2026-03-08T15:43:48.373+05:30  INFO 26576 --- [I-SPICE] [restartedMain] o.s.o.j.p.SpringPersistenceUnitInfo      : No LoadTimeWeaver setup: ignoring JPA class transformer
2026-03-08T15:43:48.415+05:30  WARN 26576 --- [I-SPICE] [restartedMain] org.hibernate.orm.deprecation            : HHH90000021: Encountered deprecated setting [hibernate.temp.use_jdbc_metadata_defaults], use [hibernate.boot.allow_jdbc_metadata_access] instead
2026-03-08T15:43:48.459+05:30  WARN 26576 --- [I-SPICE] [restartedMain] org.hibernate.orm.deprecation            : HHH90000025: PostgreSQLDialect does not need to be specified explicitly using 'hibernate.dialect' (remove the property setting and it will be selected by default)
2026-03-08T15:43:48.501+05:30  INFO 26576 --- [I-SPICE] [restartedMain] org.hibernate.orm.connections.pooling    : HHH10001005: Database info:
	Database JDBC URL [undefined/unknown]
	Database driver: undefined/unknown
	Database dialect: PostgreSQLDialect
	Database version: 13.0
	Default catalog/schema: unknown/unknown
	Autocommit mode: undefined/unknown
	Isolation level: <unknown>
	JDBC fetch size: undefined/unknown
	Pool: undefined/unknown
	Minimum pool size: undefined/unknown
	Maximum pool size: undefined/unknown
2026-03-08T15:43:51.022+05:30  INFO 26576 --- [I-SPICE] [restartedMain] org.hibernate.orm.core                   : HHH000489: No JTA platform available (set 'hibernate.transaction.jta.platform' to enable JTA platform integration)
2026-03-08T15:43:51.063+05:30  INFO 26576 --- [I-SPICE] [restartedMain] com.zaxxer.hikari.HikariDataSource       : HikariPool-1 - Starting...
2026-03-08T15:43:53.180+05:30  INFO 26576 --- [I-SPICE] [restartedMain] com.zaxxer.hikari.pool.HikariPool        : HikariPool-1 - Added connection org.postgresql.jdbc.PgConnection@27721e46
2026-03-08T15:43:53.182+05:30  INFO 26576 --- [I-SPICE] [restartedMain] com.zaxxer.hikari.HikariDataSource       : HikariPool-1 - Start completed.
2026-03-08T15:43:58.173+05:30  INFO 26576 --- [I-SPICE] [restartedMain] j.LocalContainerEntityManagerFactoryBean : Initialized JPA EntityManagerFactory for persistence unit 'default'
2026-03-08T15:43:58.347+05:30  INFO 26576 --- [I-SPICE] [restartedMain] o.s.d.j.r.query.QueryEnhancerFactories   : Hibernate is in classpath; If applicable, HQL parser will be used.
2026-03-08T15:44:05.470+05:30  INFO 26576 --- [I-SPICE] [restartedMain] o.s.b.a.e.web.EndpointLinksResolver      : Exposing 1 endpoint beneath base path '/actuator'
2026-03-08T15:44:05.581+05:30  INFO 26576 --- [I-SPICE] [restartedMain] o.s.boot.tomcat.TomcatWebServer          : Tomcat started on port 8080 (http) with context path '/'
2026-03-08T15:44:05.920+05:30  INFO 26576 --- [I-SPICE] [restartedMain] com.company.I_SPICE.ISpiceApplication    : Started ISpiceApplication in 25.654 seconds (process running for 27.151)
2026-03-08T15:45:13.483+05:30  INFO 5452 --- [I-SPICE] [restartedMain] com.company.I_SPICE.ISpiceApplication    : Starting ISpiceApplication using Java 17.0.12 with PID 5452 (D:\I-SPICE\I-SPICE\build\classes\java\main started by Sreedev in D:\I-SPICE\I-SPICE)
2026-03-08T15:45:13.487+05:30 DEBUG 5452 --- [I-SPICE] [restartedMain] com.company.I_SPICE.ISpiceApplication    : Running with Spring Boot v4.0.2, Spring v7.0.3
2026-03-08T15:45:13.487+05:30  INFO 5452 --- [I-SPICE] [restartedMain] com.company.I_SPICE.ISpiceApplication    : The following 1 profile is active: "dev"
2026-03-08T15:45:13.559+05:30  INFO 5452 --- [I-SPICE] [restartedMain] .e.DevToolsPropertyDefaultsPostProcessor : Devtools property defaults active! Set 'spring.devtools.add-properties' to 'false' to disable
2026-03-08T15:45:13.559+05:30  INFO 5452 --- [I-SPICE] [restartedMain] .e.DevToolsPropertyDefaultsPostProcessor : For additional web related logging consider setting the 'logging.level.web' property to 'DEBUG'
2026-03-08T15:45:14.766+05:30  INFO 5452 --- [I-SPICE] [restartedMain] .s.d.r.c.RepositoryConfigurationDelegate : Bootstrapping Spring Data JPA repositories in DEFAULT mode.
2026-03-08T15:45:14.859+05:30  INFO 5452 --- [I-SPICE] [restartedMain] .s.d.r.c.RepositoryConfigurationDelegate : Finished Spring Data repository scanning in 80 ms. Found 10 JPA repository interfaces.
2026-03-08T15:45:15.298+05:30  INFO 5452 --- [I-SPICE] [restartedMain] o.s.cloud.context.scope.GenericScope     : BeanFactory id=b37f3d2d-485b-38ac-a162-91b21a628b0d
2026-03-08T15:45:16.047+05:30  INFO 5452 --- [I-SPICE] [restartedMain] o.s.boot.tomcat.TomcatWebServer          : Tomcat initialized with port 8080 (http)
2026-03-08T15:45:16.062+05:30  INFO 5452 --- [I-SPICE] [restartedMain] o.apache.catalina.core.StandardService   : Starting service [Tomcat]
2026-03-08T15:45:16.064+05:30  INFO 5452 --- [I-SPICE] [restartedMain] o.apache.catalina.core.StandardEngine    : Starting Servlet engine: [Apache Tomcat/11.0.15]
2026-03-08T15:45:16.150+05:30  INFO 5452 --- [I-SPICE] [restartedMain] b.w.c.s.WebApplicationContextInitializer : Root WebApplicationContext: initialization completed in 2590 ms
2026-03-08T15:45:16.473+05:30  INFO 5452 --- [I-SPICE] [restartedMain] org.hibernate.orm.jpa                    : HHH008540: Processing PersistenceUnitInfo [name: default]
2026-03-08T15:45:16.549+05:30  INFO 5452 --- [I-SPICE] [restartedMain] org.hibernate.orm.core                   : HHH000001: Hibernate ORM core version 7.2.1.Final
2026-03-08T15:45:17.205+05:30  INFO 5452 --- [I-SPICE] [restartedMain] o.s.o.j.p.SpringPersistenceUnitInfo      : No LoadTimeWeaver setup: ignoring JPA class transformer
2026-03-08T15:45:17.227+05:30  WARN 5452 --- [I-SPICE] [restartedMain] org.hibernate.orm.deprecation            : HHH90000021: Encountered deprecated setting [hibernate.temp.use_jdbc_metadata_defaults], use [hibernate.boot.allow_jdbc_metadata_access] instead
2026-03-08T15:45:17.249+05:30  WARN 5452 --- [I-SPICE] [restartedMain] org.hibernate.orm.deprecation            : HHH90000025: PostgreSQLDialect does not need to be specified explicitly using 'hibernate.dialect' (remove the property setting and it will be selected by default)
2026-03-08T15:45:17.276+05:30  INFO 5452 --- [I-SPICE] [restartedMain] org.hibernate.orm.connections.pooling    : HHH10001005: Database info:
	Database JDBC URL [undefined/unknown]
	Database driver: undefined/unknown
	Database dialect: PostgreSQLDialect
	Database version: 13.0
	Default catalog/schema: unknown/unknown
	Autocommit mode: undefined/unknown
	Isolation level: <unknown>
	JDBC fetch size: undefined/unknown
	Pool: undefined/unknown
	Minimum pool size: undefined/unknown
	Maximum pool size: undefined/unknown
2026-03-08T15:45:18.849+05:30  INFO 5452 --- [I-SPICE] [restartedMain] org.hibernate.orm.core                   : HHH000489: No JTA platform available (set 'hibernate.transaction.jta.platform' to enable JTA platform integration)
2026-03-08T15:45:18.886+05:30  INFO 5452 --- [I-SPICE] [restartedMain] com.zaxxer.hikari.HikariDataSource       : HikariPool-1 - Starting...
2026-03-08T15:45:20.727+05:30  INFO 5452 --- [I-SPICE] [restartedMain] com.zaxxer.hikari.pool.HikariPool        : HikariPool-1 - Added connection org.postgresql.jdbc.PgConnection@3bf7ac50
2026-03-08T15:45:20.729+05:30  INFO 5452 --- [I-SPICE] [restartedMain] com.zaxxer.hikari.HikariDataSource       : HikariPool-1 - Start completed.
2026-03-08T15:45:25.211+05:30  INFO 5452 --- [I-SPICE] [restartedMain] j.LocalContainerEntityManagerFactoryBean : Initialized JPA EntityManagerFactory for persistence unit 'default'
2026-03-08T15:45:25.344+05:30  INFO 5452 --- [I-SPICE] [restartedMain] o.s.d.j.r.query.QueryEnhancerFactories   : Hibernate is in classpath; If applicable, HQL parser will be used.
2026-03-08T15:45:29.548+05:30  INFO 5452 --- [I-SPICE] [restartedMain] o.s.b.a.e.web.EndpointLinksResolver      : Exposing 1 endpoint beneath base path '/actuator'
2026-03-08T15:45:29.633+05:30  WARN 5452 --- [I-SPICE] [restartedMain] ConfigServletWebServerApplicationContext : Exception encountered during context initialization - cancelling refresh attempt: org.springframework.context.ApplicationContextException: Failed to start bean 'webServerStartStop'
2026-03-08T15:45:29.640+05:30  INFO 5452 --- [I-SPICE] [restartedMain] j.LocalContainerEntityManagerFactoryBean : Closing JPA EntityManagerFactory for persistence unit 'default'
2026-03-08T15:45:29.645+05:30  INFO 5452 --- [I-SPICE] [restartedMain] com.zaxxer.hikari.HikariDataSource       : HikariPool-1 - Shutdown initiated...
2026-03-08T15:45:30.102+05:30  INFO 5452 --- [I-SPICE] [restartedMain] com.zaxxer.hikari.HikariDataSource       : HikariPool-1 - Shutdown completed.
2026-03-08T15:45:30.122+05:30  INFO 5452 --- [I-SPICE] [restartedMain] .s.b.a.l.ConditionEvaluationReportLogger : 

Error starting ApplicationContext. To display the condition evaluation report re-run your application with 'debug' enabled.
2026-03-08T15:45:30.142+05:30 ERROR 5452 --- [I-SPICE] [restartedMain] o.s.b.d.LoggingFailureAnalysisReporter   : 

***************************
APPLICATION FAILED TO START
***************************

Description:

Web server failed to start. Port 8080 was already in use.

Action:

Identify and stop the process that's listening on port 8080 or configure this application to listen on another port.

